Arguments: 
  /usr/bin/node /mnt/c/Users/hmmmm/AppData/Roaming/npm/node_modules/yarn/bin/yarn.js

PATH: 
  /root/.cursor-server/bin/511523af765daeb1fa69500ab0df5b6524424610/bin/remote-cli:/root/.cursor-server/bin/511523af765daeb1fa69500ab0df5b6524424610/bin/remote-cli:/usr/local/sbin:/usr/local/bin:/usr/sbin:/usr/bin:/sbin:/bin:/usr/games:/usr/local/games:/usr/lib/wsl/lib:/mnt/c/Program Files/Common Files/Oracle/Java/javapath:/mnt/c/Program Files/Microsoft/jdk-11.0.18.10-hotspot/bin:/mnt/c/WINDOWS/system32:/mnt/c/WINDOWS:/mnt/c/WINDOWS/System32/Wbem:/mnt/c/WINDOWS/System32/WindowsPowerShell/v1.0/:/mnt/c/WINDOWS/System32/OpenSSH/:/mnt/c/Program Files/Git/cmd:/mnt/c/Users/hmmmm/AppData/Roaming/nvm:/mnt/c/Program Files/nodejs:/mnt/c/Program Files/Amazon/AWSCLIV2/:/mnt/c/ProgramData/chocolatey/bin:/mnt/c/minikube:/mnt/c/Program Files/Docker/Docker/resources/bin:/mnt/c/Program Files/cursor/resources/app/bin:/mnt/c/WINDOWS/system32:/mnt/c/WINDOWS:/mnt/c/WINDOWS/System32/Wbem:/mnt/c/WINDOWS/System32/WindowsPowerShell/v1.0/:/mnt/c/WINDOWS/System32/OpenSSH/:/mnt/c/Users/hmmmm/AppData/Local/Android/Sdk/platform-tools:/mnt/c/Users/hmmmm/AppData/Local/Android/Sdk/tools:/mnt/c/Users/hmmmm/AppData/Local/Microsoft/WindowsApps:/mnt/c/Users/hmmmm/AppData/Local/Programs/Microsoft VS Code/bin:/mnt/c/Users/hmmmm/AppData/Roaming/npm:/mnt/c/Users/hmmmm/AppData/Roaming/nvm:/mnt/c/Program Files/nodejs:/mnt/c/Users/hmmmm/code/kubectl:/snap/bin

Yarn version: 
  1.22.19

Node version: 
  10.19.0

Platform: 
  linux x64

Trace: 
  Error: https://registry.yarnpkg.com/@mui/icons-material/-/icons-material-7.3.5.tgz: ESOCKETTIMEDOUT
      at ClientRequest.<anonymous> (/mnt/c/Users/hmmmm/AppData/Roaming/npm/node_modules/yarn/lib/cli.js:141517:19)
      at Object.onceWrapper (events.js:286:20)
      at ClientRequest.emit (events.js:198:13)
      at TLSSocket.emitRequestTimeout (_http_client.js:673:40)
      at Object.onceWrapper (events.js:286:20)
      at TLSSocket.emit (events.js:198:13)
      at TLSSocket.Socket._onTimeout (net.js:443:8)
      at ontimeout (timers.js:436:11)
      at tryOnTimeout (timers.js:300:5)
      at listOnTimeout (timers.js:263:5)

npm manifest: 
  {
    "name": "@figma/my-make-file",
    "private": true,
    "version": "0.0.1",
    "type": "module",
    "scripts": {
      "dev": "vite",
      "build": "vite build",
      "lint": "eslint . --ext ts,tsx --report-unused-disable-directives --max-warnings 0",
      "format": "prettier --write \"src/**/*.{ts,tsx,css}\"",
      "format:check": "prettier --check \"src/**/*.{ts,tsx,css}\""
    },
    "dependencies": {
      "@emotion/react": "11.14.0",
      "@emotion/styled": "11.14.1",
      "@mui/icons-material": "7.3.5",
      "@mui/material": "7.3.5",
      "@popperjs/core": "2.11.8",
      "@radix-ui/react-accordion": "1.2.3",
      "@radix-ui/react-alert-dialog": "1.1.6",
      "@radix-ui/react-aspect-ratio": "1.1.2",
      "@radix-ui/react-avatar": "1.1.3",
      "@radix-ui/react-checkbox": "1.1.4",
      "@radix-ui/react-collapsible": "1.1.3",
      "@radix-ui/react-context-menu": "2.2.6",
      "@radix-ui/react-dialog": "1.1.6",
      "@radix-ui/react-dropdown-menu": "2.1.6",
      "@radix-ui/react-hover-card": "1.1.6",
      "@radix-ui/react-label": "2.1.2",
      "@radix-ui/react-menubar": "1.1.6",
      "@radix-ui/react-navigation-menu": "1.2.5",
      "@radix-ui/react-popover": "1.1.6",
      "@radix-ui/react-progress": "1.1.2",
      "@radix-ui/react-radio-group": "1.2.3",
      "@radix-ui/react-scroll-area": "1.2.3",
      "@radix-ui/react-select": "2.1.6",
      "@radix-ui/react-separator": "1.1.2",
      "@radix-ui/react-slider": "1.2.3",
      "@radix-ui/react-slot": "1.1.2",
      "@radix-ui/react-switch": "1.1.3",
      "@radix-ui/react-tabs": "1.1.3",
      "@radix-ui/react-toggle": "1.1.2",
      "@radix-ui/react-toggle-group": "1.1.2",
      "@radix-ui/react-tooltip": "1.1.8",
      "@tanstack/react-query": "^5.90.21",
      "class-variance-authority": "0.7.1",
      "clsx": "2.1.1",
      "cmdk": "1.1.1",
      "date-fns": "3.6.0",
      "embla-carousel-react": "8.6.0",
      "input-otp": "1.4.2",
      "lucide-react": "0.487.0",
      "motion": "12.23.24",
      "next-themes": "0.4.6",
      "phosphor-react": "^1.4.1",
      "react-day-picker": "8.10.1",
      "react-dnd": "16.0.1",
      "react-dnd-html5-backend": "16.0.1",
      "react-hook-form": "7.55.0",
      "react-popper": "2.3.0",
      "react-resizable-panels": "2.1.7",
      "react-responsive-masonry": "2.7.1",
      "react-router": "7.13.0",
      "react-slick": "0.31.0",
      "recharts": "2.15.2",
      "sonner": "2.0.3",
      "tailwind-merge": "3.2.0",
      "tw-animate-css": "1.3.8",
      "vaul": "1.1.2"
    },
    "devDependencies": {
      "@tailwindcss/vite": "4.1.12",
      "@vitejs/plugin-react": "4.7.0",
      "tailwindcss": "4.1.12",
      "vite": "6.3.5"
    },
    "peerDependencies": {
      "react": "18.3.1",
      "react-dom": "18.3.1"
    },
    "peerDependenciesMeta": {
      "react": {
        "optional": true
      },
      "react-dom": {
        "optional": true
      }
    },
    "pnpm": {
      "overrides": {
        "vite": "6.3.5"
      }
    }
  }

yarn manifest: 
  No manifest

Lockfile: 
  No lockfile
